<?xml version="1.0" encoding="UTF-8"?>
<!-- Generated by org.testng.reporters.JUnitReportReporter -->
<testsuite skipped="0" hostname="LAPTOP-LVH0MAJT" name="com.test.test1.NewTest" tests="1" failures="0" timestamp="08 Jul 2019 20:20:59 GMT" time="13.638" errors="0">
  <testcase name="script1" time="13.638" classname="com.test.test1.NewTest"/>
</testsuite> <!-- com.test.test1.NewTest -->
