<?xml version="1.0" encoding="UTF-8"?>
<!-- Generated by org.testng.reporters.JUnitReportReporter -->
<testsuite skipped="0" hostname="LAPTOP-LVH0MAJT" name="com.test.test1.NewTest" tests="1" failures="0" timestamp="14 Jul 2019 22:28:01 GMT" time="36.730" errors="0">
  <testcase name="script1" time="36.730" classname="com.test.test1.NewTest"/>
</testsuite> <!-- com.test.test1.NewTest -->
